<?xml version="1.0" encoding="UTF-8"?>
<!-- Generated by org.testng.reporters.JUnitReportReporter -->
<testsuite skipped="0" hostname="DESKTOP-CSACNBT" name="pkg17TestNG.TimeOuts" tests="2" failures="0" timestamp="30 Apr 2023 07:19:53 GMT" time="2.032" errors="0">
  <testcase name="TestCase2" time="0.004" classname="pkg17TestNG.TimeOuts"/>
  <testcase name="TestCase1" time="2.028" classname="pkg17TestNG.TimeOuts"/>
</testsuite> <!-- pkg17TestNG.TimeOuts -->
