<?xml version="1.0" encoding="UTF-8"?>
<!-- Generated by org.testng.reporters.JUnitReportReporter -->
<testsuite skipped="0" hostname="DESKTOP-CSACNBT" name="pkg17TestNG.TestNGClass2" tests="2" failures="0" timestamp="30 Apr 2023 06:34:40 GMT" time="0.016" errors="0">
  <testcase name="method2" time="0.000" classname="pkg17TestNG.TestNGClass2"/>
  <testcase name="test1" time="0.016" classname="pkg17TestNG.TestNGClass2"/>
</testsuite> <!-- pkg17TestNG.TestNGClass2 -->
