<?xml version="1.0" encoding="UTF-8"?>
<!-- Generated by org.testng.reporters.JUnitReportReporter -->
<testsuite skipped="0" hostname="DESKTOP-CSACNBT" name="pkg17TestNG.TestNGClass2" tests="5" failures="0" timestamp="30 Apr 2023 07:03:00 GMT" time="0.044" errors="0">
  <testcase name="test" time="0.003" classname="pkg17TestNG.TestNGClass2"/>
  <testcase name="method2" time="0.024" classname="pkg17TestNG.TestNGClass2"/>
  <testcase name="test1" time="0.004" classname="pkg17TestNG.TestNGClass2"/>
  <testcase name="test" time="0.005" classname="pkg17TestNG.TestNGClass2"/>
  <testcase name="test" time="0.008" classname="pkg17TestNG.TestNGClass2"/>
</testsuite> <!-- pkg17TestNG.TestNGClass2 -->
