<?xml version="1.0" encoding="UTF-8"?>
<!-- Generated by org.testng.reporters.JUnitReportReporter -->
<testsuite skipped="0" hostname="DESKTOP-CSACNBT" name="pkg17TestNG.TestNGGroups2" tests="5" failures="0" timestamp="30 Apr 2023 07:42:15 GMT" time="0.047" errors="0">
  <testcase name="TestCase22" time="0.007" classname="pkg17TestNG.TestNGGroups2"/>
  <testcase name="TestCase24" time="0.005" classname="pkg17TestNG.TestNGGroups2"/>
  <testcase name="TestCase23" time="0.003" classname="pkg17TestNG.TestNGGroups2"/>
  <testcase name="TestCase21" time="0.028" classname="pkg17TestNG.TestNGGroups2"/>
  <testcase name="TestCase25" time="0.004" classname="pkg17TestNG.TestNGGroups2"/>
</testsuite> <!-- pkg17TestNG.TestNGGroups2 -->
