<?xml version="1.0" encoding="UTF-8"?>
<!-- Generated by org.testng.reporters.JUnitReportReporter -->
<testsuite hostname="LAPTOP-OHDRA29K" failures="0" tests="8" name="testNG.TestNGIntro" time="0.019" errors="0" timestamp="2024-02-03T16:43:47 IST" skipped="0">
  <testcase classname="testNG.TestNGIntro" name="TestCase5" time="0.009"/>
  <testcase classname="testNG.TestNGIntro" name="loginMethod" time="0.002"/>
  <testcase classname="testNG.TestNGIntro" name="TestCase4" time="0.001"/>
  <testcase classname="testNG.TestNGIntro" name="test" time="0.002"/>
  <testcase classname="testNG.TestNGIntro" name="TestCase2" time="0.001"/>
  <testcase classname="testNG.TestNGIntro" name="TestCase3" time="0.000"/>
  <testcase classname="testNG.TestNGIntro" name="TestCase" time="0.003">
    <system-out>
      <![CDATA[checking log message given in Reporter class log method ]]>
    </system-out>
  </testcase> <!-- TestCase -->
  <testcase classname="testNG.TestNGIntro" name="TestCase2" time="0.001"/>
  <system-out>
    <![CDATA[checking log message given in Reporter class log method ]]>
  </system-out>
</testsuite> <!-- testNG.TestNGIntro -->
